{
  "timestamp": 1749312805.593927,
  "test_categories": {
    "unit_tests": {
      "passed": 0,
      "failed": 10,
      "total": 10,
      "success_rate": 0.0,
      "individual_results": [
        {
          "name": "Core Proto Utils",
          "success": false,
          "duration_seconds": 0.907480001449585,
          "stdout": "============================= test session starts ==============================\nplatform darwin -- Python 3.12.8, pytest-8.3.5, pluggy-1.6.0 -- /Users/punk1290/.pyenv/versions/3.12.8/bin/python3\ncachedir: .pytest_cache\nrootdir: /Users/punk1290/git/protobuf-buck2\nplugins: anyio-4.9.0, timeout-2.4.0, Faker-37.3.0, asyncio-0.26.0, cov-6.1.1\nasyncio: mode=Mode.STRICT, asyncio_default_fixture_loop_scope=None, asyncio_default_test_loop_scope=function\ncollecting ... collected 18 items\n\ntest/rules/proto_utils_test.py::TestProtoUtilities::test_assert_files_exist PASSED [  5%]\ntest/rules/proto_utils_test.py::TestProtoUtilities::test_assert_files_not_exist PASSED [ 11%]\ntest/rules/proto_utils_test.py::TestProtoUtilities::test_create_large_proto PASSED [ 16%]\ntest/rules/proto_utils_test.py::TestProtoUtilities::test_create_proto_with_deps PASSED [ 22%]\ntest/rules/proto_utils_test.py::TestProtoUtilities::test_create_test_buck_file PASSED [ 27%]\ntest/rules/proto_utils_test.py::TestProtoUtilities::test_create_test_proto_file PASSED [ 33%]\ntest/rules/proto_utils_test.py::TestProtoUtilities::test_generate_test_protos PASSED [ 38%]\ntest/rules/proto_utils_test.py::TestProtoUtilities::test_get_file_size PASSED [ 44%]\ntest/rules/proto_utils_test.py::TestProtoUtilities::test_measure_performance PASSED [ 50%]\ntest/rules/proto_utils_test.py::TestProtoUtilities::test_run_command PASSED [ 55%]\ntest/rules/proto_utils_test.py::TestProtoUtilities::test_run_command_not_found PASSED [ 61%]\ntest/rules/proto_utils_test.py::TestProtoUtilities::test_run_command_timeout PASSED [ 66%]\ntest/rules/proto_utils_test.py::TestProtoUtilities::test_timer PASSED    [ 72%]\ntest/rules/proto_utils_test.py::TestProtoUtilities::test_validate_buck2_output PASSED [ 77%]\ntest/rules/proto_utils_test.py::TestProtoUtilities::test_wait_for_file PASSED [ 83%]\ntest/rules/proto_utils_test.py::TestAssertProtoCompiles::test_invalid_proto_fails PASSED [ 88%]\ntest/rules/proto_utils_test.py::TestAssertProtoCompiles::test_valid_proto_compiles FAILED [ 94%]\ntest/rules/proto_utils_test.py::TestBuck2Integration::test_run_buck2_command PASSED [100%]\n\n=================================== FAILURES ===================================\n______________ TestAssertProtoCompiles.test_valid_proto_compiles _______________\n\nself = <proto_utils_test.TestAssertProtoCompiles testMethod=test_valid_proto_compiles>\n\n        def test_valid_proto_compiles(self):\n            \"\"\"Test that valid proto content compiles.\"\"\"\n            valid_proto = \"\"\"\n    syntax = \"proto3\";\n    package test.valid;\n    \n    message ValidMessage {\n      int32 id = 1;\n      string name = 2;\n    }\n    \"\"\"\n            # Should not raise exception\n>           assert_proto_compiles(valid_proto)\n\ntest/rules/proto_utils_test.py:239: \n_ _ _ _ _ _ _ _ _ _ _ _ _ _ _ _ _ _ _ _ _ _ _ _ _ _ _ _ _ _ _ _ _ _ _ _ _ _ _ _ \n\nproto_content = '\\nsyntax = \"proto3\";\\npackage test.valid;\\n\\nmessage ValidMessage {\\n  int32 id = 1;\\n  string name = 2;\\n}\\n'\nworkspace = PosixPath('/var/folders/3s/_jrxnd6s1tl_lhh2mqtxx1xc0000gn/T/proto_compile_test_qtqsjh2m')\n\n    def assert_proto_compiles(proto_content: str, workspace: Optional[Path] = None) -> None:\n        \"\"\"\n        Asserts that proto content compiles successfully using protoc.\n    \n        Args:\n            proto_content: Proto file content to validate\n            workspace: Workspace for temporary files\n    \n        Raises:\n            AssertionError: If proto doesn't compile\n        \"\"\"\n        if workspace is None:\n            workspace = Path(tempfile.mkdtemp(prefix=\"proto_compile_test_\"))\n    \n        try:\n            proto_file = create_test_proto_file(proto_content, \"test.proto\", workspace)\n    \n            # Run protoc to validate syntax\n            result = run_command([\n                \"protoc\",\n                \"--descriptor_set_out=/dev/null\",\n                \"--proto_path=\" + str(workspace),\n                proto_file\n            ])\n    \n            if result[\"exit_code\"] != 0:\n>               raise AssertionError(f\"Proto compilation failed: {result['stderr']}\")\nE               AssertionError: Proto compilation failed: Command not found: protoc\n\ntest/test_utils.py:180: AssertionError\n=============================== warnings summary ===============================\ntest/test_utils.py:381\n  /Users/punk1290/git/protobuf-buck2/test/test_utils.py:381: PytestCollectionWarning: cannot collect test class 'TestTimer' because it has a __init__ constructor (from: test/rules/proto_utils_test.py)\n    class TestTimer:\n\n-- Docs: https://docs.pytest.org/en/stable/how-to/capture-warnings.html\n=========================== short test summary info ============================\nFAILED test/rules/proto_utils_test.py::TestAssertProtoCompiles::test_valid_proto_compiles\n=================== 1 failed, 17 passed, 1 warning in 0.47s ====================\n",
          "stderr": "/Users/punk1290/.pyenv/versions/3.12.8/lib/python3.12/site-packages/pytest_asyncio/plugin.py:217: PytestDeprecationWarning: The configuration option \"asyncio_default_fixture_loop_scope\" is unset.\nThe event loop scope for asynchronous fixtures will default to the fixture caching scope. Future versions of pytest-asyncio will default the loop scope for asynchronous fixtures to function scope. Set the default fixture loop scope explicitly in order to avoid unexpected behavior in the future. Valid fixture loop scopes are: \"function\", \"class\", \"module\", \"package\", \"session\"\n\n  warnings.warn(PytestDeprecationWarning(_DEFAULT_FIXTURE_LOOP_SCOPE_UNSET))\n"
        },
        {
          "name": "Private Implementations",
          "success": false,
          "duration_seconds": 0.08897805213928223,
          "stdout": "",
          "stderr": "test_cache_key_determinism (__main__.TestCacheImplementation.test_cache_key_determinism)\nTest cache key determinism across runs. ... ERROR\ntest_cache_key_generation (__main__.TestCacheImplementation.test_cache_key_generation)\nTest cache key generation logic. ... ERROR\ntest_cache_key_sensitivity (__main__.TestCacheImplementation.test_cache_key_sensitivity)\nTest cache key sensitivity to input changes. ... ERROR\ntest_cache_metrics_performance (__main__.TestCacheImplementation.test_cache_metrics_performance)\nTest cache metrics performance tracking. ... ERROR\ntest_cache_metrics_tracking (__main__.TestCacheImplementation.test_cache_metrics_tracking)\nTest cache metrics tracking. ... ERROR\ntest_cache_storage_cleanup (__main__.TestCacheImplementation.test_cache_storage_cleanup)\nTest cache storage cleanup operations. ... ERROR\ntest_cache_storage_operations (__main__.TestCacheImplementation.test_cache_storage_operations)\nTest cache storage operations. ... ERROR\ntest_command_injection_prevention (__main__.TestSecurityImplementation.test_command_injection_prevention)\nTest command injection prevention. ... ERROR\ntest_file_access_controls (__main__.TestSecurityImplementation.test_file_access_controls)\nTest file access control mechanisms. ... ERROR\ntest_input_validation (__main__.TestSecurityImplementation.test_input_validation)\nTest input validation functions. ... ERROR\ntest_privilege_restrictions (__main__.TestSecurityImplementation.test_privilege_restrictions)\nTest privilege restriction mechanisms. ... ERROR\ntest_sanitization_functions (__main__.TestSecurityImplementation.test_sanitization_functions)\nTest path and input sanitization. ... ERROR\ntest_dependency_validation (__main__.TestValidationImplementation.test_dependency_validation)\nTest dependency validation logic. ... ERROR\ntest_import_validation (__main__.TestValidationImplementation.test_import_validation)\nTest import path validation. ... ERROR\ntest_naming_convention_validation (__main__.TestValidationImplementation.test_naming_convention_validation)\nTest naming convention validation. ... ERROR\ntest_proto_syntax_validation (__main__.TestValidationImplementation.test_proto_syntax_validation)\nTest proto file syntax validation. ... ERROR\ntest_bundle_creation (__main__.TestBundleImplementation.test_bundle_creation)\nTest multi-language bundle creation. ... ERROR\ntest_bundle_dependency_resolution (__main__.TestBundleImplementation.test_bundle_dependency_resolution)\nTest bundle dependency resolution. ... ERROR\ntest_method_validation (__main__.TestGrpcImplementation.test_method_validation)\nTest gRPC method validation. ... ERROR\ntest_service_validation (__main__.TestGrpcImplementation.test_service_validation)\nTest gRPC service validation. ... ERROR\ntest_tool_discovery (__main__.TestToolImplementation.test_tool_discovery)\nTest tool discovery functionality. ... ERROR\ntest_tool_execution (__main__.TestToolImplementation.test_tool_execution)\nTest safe tool execution. ... ERROR\ntest_tool_validation (__main__.TestToolImplementation.test_tool_validation)\nTest tool validation. ... ERROR\ntest_file_utilities (__main__.TestUtilityFunctions.test_file_utilities)\nTest file utility functions. ... ERROR\ntest_path_utilities (__main__.TestUtilityFunctions.test_path_utilities)\nTest path utility functions. ... ERROR\ntest_string_utilities (__main__.TestUtilityFunctions.test_string_utilities)\nTest string utility functions. ... ERROR\ntest_error_propagation (__main__.TestErrorHandling.test_error_propagation)\nTest proper error propagation. ... ERROR\ntest_graceful_error_handling (__main__.TestErrorHandling.test_graceful_error_handling)\nTest that modules handle errors gracefully. ... ERROR\n\n======================================================================\nERROR: test_cache_key_determinism (__main__.TestCacheImplementation.test_cache_key_determinism)\nTest cache key determinism across runs.\n----------------------------------------------------------------------\nTraceback (most recent call last):\n  File \"/Users/punk1290/git/protobuf-buck2/test/rules/private_implementations_test.py\", line 55, in test_cache_key_determinism\n    from rules.private.cache_keys import generate_cache_key\nModuleNotFoundError: No module named 'rules.private.cache_keys'\n\n======================================================================\nERROR: test_cache_key_generation (__main__.TestCacheImplementation.test_cache_key_generation)\nTest cache key generation logic.\n----------------------------------------------------------------------\nTraceback (most recent call last):\n  File \"/Users/punk1290/git/protobuf-buck2/test/rules/private_implementations_test.py\", line 41, in test_cache_key_generation\n    from rules.private.cache_keys import generate_cache_key\nModuleNotFoundError: No module named 'rules.private.cache_keys'\n\n======================================================================\nERROR: test_cache_key_sensitivity (__main__.TestCacheImplementation.test_cache_key_sensitivity)\nTest cache key sensitivity to input changes.\n----------------------------------------------------------------------\nTraceback (most recent call last):\n  File \"/Users/punk1290/git/protobuf-buck2/test/rules/private_implementations_test.py\", line 66, in test_cache_key_sensitivity\n    from rules.private.cache_keys import generate_cache_key\nModuleNotFoundError: No module named 'rules.private.cache_keys'\n\n======================================================================\nERROR: test_cache_metrics_performance (__main__.TestCacheImplementation.test_cache_metrics_performance)\nTest cache metrics performance tracking.\n----------------------------------------------------------------------\nTraceback (most recent call last):\n  File \"/Users/punk1290/git/protobuf-buck2/test/rules/private_implementations_test.py\", line 141, in test_cache_metrics_performance\n    from rules.private.cache_metrics import CacheMetrics\nModuleNotFoundError: No module named 'rules.private.cache_metrics'\n\n======================================================================\nERROR: test_cache_metrics_tracking (__main__.TestCacheImplementation.test_cache_metrics_tracking)\nTest cache metrics tracking.\n----------------------------------------------------------------------\nTraceback (most recent call last):\n  File \"/Users/punk1290/git/protobuf-buck2/test/rules/private_implementations_test.py\", line 125, in test_cache_metrics_tracking\n    from rules.private.cache_metrics import CacheMetrics\nModuleNotFoundError: No module named 'rules.private.cache_metrics'\n\n======================================================================\nERROR: test_cache_storage_cleanup (__main__.TestCacheImplementation.test_cache_storage_cleanup)\nTest cache storage cleanup operations.\n----------------------------------------------------------------------\nTraceback (most recent call last):\n  File \"/Users/punk1290/git/protobuf-buck2/test/rules/private_implementations_test.py\", line 104, in test_cache_storage_cleanup\n    from rules.private.cache_storage import CacheStorage\nModuleNotFoundError: No module named 'rules.private.cache_storage'\n\n======================================================================\nERROR: test_cache_storage_operations (__main__.TestCacheImplementation.test_cache_storage_operations)\nTest cache storage operations.\n----------------------------------------------------------------------\nTraceback (most recent call last):\n  File \"/Users/punk1290/git/protobuf-buck2/test/rules/private_implementations_test.py\", line 84, in test_cache_storage_operations\n    from rules.private.cache_storage import CacheStorage\nModuleNotFoundError: No module named 'rules.private.cache_storage'\n\n======================================================================\nERROR: test_command_injection_prevention (__main__.TestSecurityImplementation.test_command_injection_prevention)\nTest command injection prevention.\n----------------------------------------------------------------------\nTraceback (most recent call last):\n  File \"/Users/punk1290/git/protobuf-buck2/test/rules/private_implementations_test.py\", line 204, in test_command_injection_prevention\n    from rules.private.security_impl import build_safe_command\nModuleNotFoundError: No module named 'rules.private.security_impl'\n\n======================================================================\nERROR: test_file_access_controls (__main__.TestSecurityImplementation.test_file_access_controls)\nTest file access control mechanisms.\n----------------------------------------------------------------------\nTraceback (most recent call last):\n  File \"/Users/punk1290/git/protobuf-buck2/test/rules/private_implementations_test.py\", line 231, in test_file_access_controls\n    from rules.private.security_impl import check_file_access, is_safe_path\nModuleNotFoundError: No module named 'rules.private.security_impl'\n\n======================================================================\nERROR: test_input_validation (__main__.TestSecurityImplementation.test_input_validation)\nTest input validation functions.\n----------------------------------------------------------------------\nTraceback (most recent call last):\n  File \"/Users/punk1290/git/protobuf-buck2/test/rules/private_implementations_test.py\", line 174, in test_input_validation\n    from rules.private.security_impl import validate_proto_path, validate_import_path\nModuleNotFoundError: No module named 'rules.private.security_impl'\n\n======================================================================\nERROR: test_privilege_restrictions (__main__.TestSecurityImplementation.test_privilege_restrictions)\nTest privilege restriction mechanisms.\n----------------------------------------------------------------------\nTraceback (most recent call last):\n  File \"/Users/punk1290/git/protobuf-buck2/test/rules/private_implementations_test.py\", line 218, in test_privilege_restrictions\n    from rules.private.security_impl import check_privileges, drop_privileges\nModuleNotFoundError: No module named 'rules.private.security_impl'\n\n======================================================================\nERROR: test_sanitization_functions (__main__.TestSecurityImplementation.test_sanitization_functions)\nTest path and input sanitization.\n----------------------------------------------------------------------\nTraceback (most recent call last):\n  File \"/Users/punk1290/git/protobuf-buck2/test/rules/private_implementations_test.py\", line 191, in test_sanitization_functions\n    from rules.private.security_impl import sanitize_path, sanitize_flag\nModuleNotFoundError: No module named 'rules.private.security_impl'\n\n======================================================================\nERROR: test_dependency_validation (__main__.TestValidationImplementation.test_dependency_validation)\nTest dependency validation logic.\n----------------------------------------------------------------------\nTraceback (most recent call last):\n  File \"/Users/punk1290/git/protobuf-buck2/test/rules/private_implementations_test.py\", line 330, in test_dependency_validation\n    from rules.private.validation_impl import validate_dependencies\nModuleNotFoundError: No module named 'rules.private.validation_impl'\n\n======================================================================\nERROR: test_import_validation (__main__.TestValidationImplementation.test_import_validation)\nTest import path validation.\n----------------------------------------------------------------------\nTraceback (most recent call last):\n  File \"/Users/punk1290/git/protobuf-buck2/test/rules/private_implementations_test.py\", line 279, in test_import_validation\n    from rules.private.validation_impl import validate_imports\nModuleNotFoundError: No module named 'rules.private.validation_impl'\n\n======================================================================\nERROR: test_naming_convention_validation (__main__.TestValidationImplementation.test_naming_convention_validation)\nTest naming convention validation.\n----------------------------------------------------------------------\nTraceback (most recent call last):\n  File \"/Users/punk1290/git/protobuf-buck2/test/rules/private_implementations_test.py\", line 299, in test_naming_convention_validation\n    from rules.private.validation_impl import validate_naming_conventions\nModuleNotFoundError: No module named 'rules.private.validation_impl'\n\n======================================================================\nERROR: test_proto_syntax_validation (__main__.TestValidationImplementation.test_proto_syntax_validation)\nTest proto file syntax validation.\n----------------------------------------------------------------------\nTraceback (most recent call last):\n  File \"/Users/punk1290/git/protobuf-buck2/test/rules/private_implementations_test.py\", line 251, in test_proto_syntax_validation\n    from rules.private.validation_impl import validate_proto_syntax\nModuleNotFoundError: No module named 'rules.private.validation_impl'\n\n======================================================================\nERROR: test_bundle_creation (__main__.TestBundleImplementation.test_bundle_creation)\nTest multi-language bundle creation.\n----------------------------------------------------------------------\nTraceback (most recent call last):\n  File \"/Users/punk1290/git/protobuf-buck2/test/rules/private_implementations_test.py\", line 354, in test_bundle_creation\n    from rules.private.bundle_impl import create_proto_bundle\nModuleNotFoundError: No module named 'rules.private.bundle_impl'\n\n======================================================================\nERROR: test_bundle_dependency_resolution (__main__.TestBundleImplementation.test_bundle_dependency_resolution)\nTest bundle dependency resolution.\n----------------------------------------------------------------------\nTraceback (most recent call last):\n  File \"/Users/punk1290/git/protobuf-buck2/test/rules/private_implementations_test.py\", line 368, in test_bundle_dependency_resolution\n    from rules.private.bundle_impl import resolve_bundle_dependencies\nModuleNotFoundError: No module named 'rules.private.bundle_impl'\n\n======================================================================\nERROR: test_method_validation (__main__.TestGrpcImplementation.test_method_validation)\nTest gRPC method validation.\n----------------------------------------------------------------------\nTraceback (most recent call last):\n  File \"/Users/punk1290/git/protobuf-buck2/test/rules/private_implementations_test.py\", line 418, in test_method_validation\n    from rules.private.grpc_impl import validate_grpc_methods\nModuleNotFoundError: No module named 'rules.private.grpc_impl'\n\n======================================================================\nERROR: test_service_validation (__main__.TestGrpcImplementation.test_service_validation)\nTest gRPC service validation.\n----------------------------------------------------------------------\nTraceback (most recent call last):\n  File \"/Users/punk1290/git/protobuf-buck2/test/rules/private_implementations_test.py\", line 385, in test_service_validation\n    from rules.private.grpc_impl import validate_grpc_service\nModuleNotFoundError: No module named 'rules.private.grpc_impl'\n\n======================================================================\nERROR: test_tool_discovery (__main__.TestToolImplementation.test_tool_discovery)\nTest tool discovery functionality.\n----------------------------------------------------------------------\nTraceback (most recent call last):\n  File \"/Users/punk1290/git/protobuf-buck2/test/rules/private_implementations_test.py\", line 438, in test_tool_discovery\n    from rules.private.tool_impl import discover_tools\nModuleNotFoundError: No module named 'rules.private.tool_impl'\n\n======================================================================\nERROR: test_tool_execution (__main__.TestToolImplementation.test_tool_execution)\nTest safe tool execution.\n----------------------------------------------------------------------\nTraceback (most recent call last):\n  File \"/Users/punk1290/git/protobuf-buck2/test/rules/private_implementations_test.py\", line 454, in test_tool_execution\n    from rules.private.tool_impl import execute_tool\nModuleNotFoundError: No module named 'rules.private.tool_impl'\n\n======================================================================\nERROR: test_tool_validation (__main__.TestToolImplementation.test_tool_validation)\nTest tool validation.\n----------------------------------------------------------------------\nTraceback (most recent call last):\n  File \"/Users/punk1290/git/protobuf-buck2/test/rules/private_implementations_test.py\", line 446, in test_tool_validation\n    from rules.private.tool_impl import validate_tool\nModuleNotFoundError: No module named 'rules.private.tool_impl'\n\n======================================================================\nERROR: test_file_utilities (__main__.TestUtilityFunctions.test_file_utilities)\nTest file utility functions.\n----------------------------------------------------------------------\nTraceback (most recent call last):\n  File \"/Users/punk1290/git/protobuf-buck2/test/rules/private_implementations_test.py\", line 479, in test_file_utilities\n    from rules.private.utils import read_proto_file, parse_proto_dependencies\nModuleNotFoundError: No module named 'rules.private.utils'\n\n======================================================================\nERROR: test_path_utilities (__main__.TestUtilityFunctions.test_path_utilities)\nTest path utility functions.\n----------------------------------------------------------------------\nTraceback (most recent call last):\n  File \"/Users/punk1290/git/protobuf-buck2/test/rules/private_implementations_test.py\", line 467, in test_path_utilities\n    from rules.private.utils import normalize_path, resolve_import_path\nModuleNotFoundError: No module named 'rules.private.utils'\n\n======================================================================\nERROR: test_string_utilities (__main__.TestUtilityFunctions.test_string_utilities)\nTest string utility functions.\n----------------------------------------------------------------------\nTraceback (most recent call last):\n  File \"/Users/punk1290/git/protobuf-buck2/test/rules/private_implementations_test.py\", line 503, in test_string_utilities\n    from rules.private.utils import snake_to_camel, camel_to_snake\nModuleNotFoundError: No module named 'rules.private.utils'\n\n======================================================================\nERROR: test_error_propagation (__main__.TestErrorHandling.test_error_propagation)\nTest proper error propagation.\n----------------------------------------------------------------------\nTraceback (most recent call last):\n  File \"/Users/punk1290/git/protobuf-buck2/test/rules/private_implementations_test.py\", line 539, in test_error_propagation\n    from rules.private.validation_impl import ValidationError\nModuleNotFoundError: No module named 'rules.private.validation_impl'\n\n======================================================================\nERROR: test_graceful_error_handling (__main__.TestErrorHandling.test_graceful_error_handling)\nTest that modules handle errors gracefully.\n----------------------------------------------------------------------\nTraceback (most recent call last):\n  File \"/Users/punk1290/git/protobuf-buck2/test/rules/private_implementations_test.py\", line 524, in test_graceful_error_handling\n    from rules.private.cache_impl import handle_cache_error\nModuleNotFoundError: No module named 'rules.private.cache_impl'\n\n----------------------------------------------------------------------\nRan 28 tests in 0.011s\n\nFAILED (errors=28)\n"
        },
        {
          "name": "Go Proto Rules",
          "success": false,
          "duration_seconds": 0.03769183158874512,
          "stdout": "",
          "stderr": "[2025-06-07T12:13:26.605-04:00] Build ID: e088dbe1-ec41-4e70-87a5-0097317be148\n[2025-06-07T12:13:26.608-04:00] File changed: root//test/reports/comprehensive_test_report_1749312805.json\n[2025-06-07T12:13:26.608-04:00] File changed: root//test/reports/latest_test_report.json\n[2025-06-07T12:13:26.608-04:00] File changed: root//.pytest_cache/v/cache/nodeids\n[2025-06-07T12:13:26.608-04:00] 1 additional file change events\nFrom load at test/rules/BUCK:109\n\nCaused by:\n    0: Error loading `load` of `@bazel_skylib//lib:unittest.bzl` from `test/rules/typescript_proto_test.bzl:8:6-39`\n    1: unknown cell alias: `bazel_skylib`. In cell `root`, known aliases are: `root`\n1 BUILDS FAILED\nTests finished: Pass 0. Fail 0. Fatal 0. Skip 0. \u001b[38;5;9mBuild failure 1\u001b[39m\nNO TESTS RAN\n"
        },
        {
          "name": "Python Proto Rules",
          "success": false,
          "duration_seconds": 0.08005285263061523,
          "stdout": "",
          "stderr": "[2025-06-07T12:13:26.641-04:00] Build ID: b40f8805-041d-42c5-a3a5-391896b02bf2\nFrom load at test/rules/BUCK:4\n\nCaused by:\n    0: Error parsing: `root//test/rules/python_proto_test.bzl`\n    1: error: Parse error: cannot use reserved keyword `try`\n          --> test/rules/python_proto_test.bzl:208:5\n           |\n       208 |     try:\n           |     ^^^\n           |\n       \n1 BUILDS FAILED\nTests finished: Pass 0. Fail 0. Fatal 0. Skip 0. \u001b[38;5;9mBuild failure 1\u001b[39m\nNO TESTS RAN\n"
        },
        {
          "name": "TypeScript Proto Rules",
          "success": false,
          "duration_seconds": 0.03524303436279297,
          "stdout": "",
          "stderr": "[2025-06-07T12:13:26.722-04:00] Build ID: 36c68934-bca5-4228-82f8-80bc87dd1e39\nFrom load at test/rules/BUCK:4\n\nCaused by:\n    0: Error parsing: `root//test/rules/python_proto_test.bzl`\n    1: error: Parse error: cannot use reserved keyword `try`\n          --> test/rules/python_proto_test.bzl:208:5\n           |\n       208 |     try:\n           |     ^^^\n           |\n       \n1 BUILDS FAILED\nTests finished: Pass 0. Fail 0. Fatal 0. Skip 0. \u001b[38;5;9mBuild failure 1\u001b[39m\nNO TESTS RAN\n"
        },
        {
          "name": "C++ Proto Rules",
          "success": false,
          "duration_seconds": 0.035463809967041016,
          "stdout": "",
          "stderr": "[2025-06-07T12:13:26.758-04:00] Build ID: 80a2e9bc-f7d3-4a95-96c4-54190232e529\nFrom load at test/rules/BUCK:4\n\nCaused by:\n    0: Error parsing: `root//test/rules/python_proto_test.bzl`\n    1: error: Parse error: cannot use reserved keyword `try`\n          --> test/rules/python_proto_test.bzl:208:5\n           |\n       208 |     try:\n           |     ^^^\n           |\n       \n1 BUILDS FAILED\nTests finished: Pass 0. Fail 0. Fatal 0. Skip 0. \u001b[38;5;9mBuild failure 1\u001b[39m\nNO TESTS RAN\n"
        },
        {
          "name": "Rust Proto Rules",
          "success": false,
          "duration_seconds": 0.06973004341125488,
          "stdout": "",
          "stderr": "[2025-06-07T12:13:26.792-04:00] Build ID: 04b67df7-d8ef-4bba-960b-dc72221f7f3c\nFrom load at test/rules/BUCK:4\n\nCaused by:\n    0: Error parsing: `root//test/rules/python_proto_test.bzl`\n    1: error: Parse error: cannot use reserved keyword `try`\n          --> test/rules/python_proto_test.bzl:208:5\n           |\n       208 |     try:\n           |     ^^^\n           |\n       \n1 BUILDS FAILED\nTests finished: Pass 0. Fail 0. Fatal 0. Skip 0. \u001b[38;5;9mBuild failure 1\u001b[39m\nNO TESTS RAN\n"
        },
        {
          "name": "Cache Implementation",
          "success": false,
          "duration_seconds": 0.0345761775970459,
          "stdout": "",
          "stderr": "[2025-06-07T12:13:26.863-04:00] Build ID: 81ff1bce-9631-4644-b096-1ca0c7ff0a81\nFrom load at test/BUCK:3\n\nCaused by:\n    0: From load at rules/proto.bzl:16\n    1: Error parsing: `root//rules/private/cache_keys.bzl`\n    2: error: Parse error: cannot use reserved keyword `try`\n         --> rules/private/cache_keys.bzl:72:5\n          |\n       72 |     try:\n          |     ^^^\n          |\n       \n1 BUILDS FAILED\nTests finished: Pass 0. Fail 0. Fatal 0. Skip 0. \u001b[38;5;9mBuild failure 1\u001b[39m\nNO TESTS RAN\n"
        },
        {
          "name": "Security Implementation",
          "success": false,
          "duration_seconds": 0.07825994491577148,
          "stdout": "",
          "stderr": "[2025-06-07T12:13:26.898-04:00] Build ID: 2208b9bf-d9df-427e-ae87-177b452a486f\nFrom load at test/BUCK:3\n\nCaused by:\n    0: From load at rules/proto.bzl:15\n    1: Error parsing: `root//rules/private/cache_impl.bzl`\n    2: error: Parse error: cannot use reserved keyword `import`\n          --> rules/private/cache_impl.bzl:294:5\n           |\n       294 |     import hashlib\n           |     ^^^^^^\n           |\n       \n1 BUILDS FAILED\nTests finished: Pass 0. Fail 0. Fatal 0. Skip 0. \u001b[38;5;9mBuild failure 1\u001b[39m\nNO TESTS RAN\n"
        },
        {
          "name": "Validation Implementation",
          "success": false,
          "duration_seconds": 0.04011082649230957,
          "stdout": "",
          "stderr": "[2025-06-07T12:13:26.976-04:00] Build ID: c98d6a95-8474-4cc5-8971-7741b3b77729\nFrom load at test/BUCK:3\n\nCaused by:\n    0: From load at rules/proto.bzl:16\n    1: Error parsing: `root//rules/private/cache_keys.bzl`\n    2: error: Parse error: cannot use reserved keyword `try`\n         --> rules/private/cache_keys.bzl:72:5\n          |\n       72 |     try:\n          |     ^^^\n          |\n       \n1 BUILDS FAILED\nTests finished: Pass 0. Fail 0. Fatal 0. Skip 0. \u001b[38;5;9mBuild failure 1\u001b[39m\nNO TESTS RAN\n"
        }
      ]
    },
    "integration_tests": {
      "passed": 2,
      "failed": 7,
      "total": 9,
      "success_rate": 0.2222222222222222,
      "individual_results": [
        {
          "name": "Core Workflows",
          "success": false,
          "duration_seconds": 0.02260613441467285,
          "stdout": "\u001b[0;34m[INFO]\u001b[0m Starting protobuf Buck2 integration tests\n\u001b[0;34m[INFO]\u001b[0m Project root: /Users/punk1290/git/protobuf-buck2\n\u001b[0;34m[INFO]\u001b[0m Buck2 version: buck2 53055f13aedf32a79139285492df6d09 <build-id>\n\u001b[1;33m[WARNING]\u001b[0m protoc is not available in PATH - some tests may be skipped\n",
          "stderr": "test/integration/test_workflows.sh: line 7: \nIntegration test workflows for protobuf Buck2 integration.\n\nThis script runs end-to-end tests to validate that the protobuf-buck2\nintegration works correctly across different scenarios and platforms.\n: command not found\n"
        },
        {
          "name": "Go Integration",
          "success": false,
          "duration_seconds": 1.1446409225463867,
          "stdout": "\u001b[0;34m[INFO]\u001b[0m Starting Go protobuf compilation tests...\n\u001b[0;34m[INFO]\u001b[0m Checking prerequisites...\n\u001b[0;34m[INFO]\u001b[0m Found Go version: 1.23\n\u001b[0;34m[INFO]\u001b[0m Buck2 found: buck2 53055f13aedf32a79139285492df6d09 <build-id>\n\u001b[0;34m[INFO]\u001b[0m Setting up test environment...\n\u001b[0;34m[INFO]\u001b[0m Adding Go protobuf dependencies...\n\u001b[0;34m[INFO]\u001b[0m Testing basic protobuf message compilation...\n\u001b[0;34m[INFO]\u001b[0m Generating Go code with protoc...\n\u001b[0;33m[WARNING]\u001b[0m protoc not found. Downloading protoc for testing...\n\u001b[0;34m[INFO]\u001b[0m Testing Go code compilation...\n\u001b[0;31m[ERROR]\u001b[0m Basic protobuf compilation test failed\n\u001b[0;34m[INFO]\u001b[0m Testing gRPC service compilation...\n\u001b[0;34m[INFO]\u001b[0m Testing gRPC code compilation...\n\u001b[0;31m[ERROR]\u001b[0m gRPC compilation test failed\n\u001b[0;34m[INFO]\u001b[0m Testing performance requirements...\n\u001b[0;34m[INFO]\u001b[0m Timing compilation of 10 proto files...\n\u001b[0;31m[ERROR]\u001b[0m Failed to compile proto_1.proto\n\u001b[0;34m[INFO]\u001b[0m Testing go.mod integration...\n\u001b[0;32m[SUCCESS]\u001b[0m go.mod integration test passed\n\u001b[0;34m[INFO]\u001b[0m Testing Go package resolution...\n\u001b[0;31m[ERROR]\u001b[0m Explicit package resolution test failed\n\u001b[0;34m[INFO]\u001b[0m Test Summary:\n\u001b[0;31m[ERROR]\u001b[0m 4 test(s) failed \u274c\n\u001b[0;34m[INFO]\u001b[0m Cleaning up test environment...\n",
          "stderr": "go: creating new go.mod: module go-proto-test\ngo: added google.golang.org/protobuf v1.31.0\ngo: upgraded github.com/golang/protobuf v1.5.0 => v1.5.3\ngo: added golang.org/x/net v0.14.0\ngo: added golang.org/x/sys v0.11.0\ngo: added golang.org/x/text v0.12.0\ngo: added google.golang.org/genproto/googleapis/rpc v0.0.0-20230822172742-b8732ec3820d\ngo: added google.golang.org/grpc v1.59.0\n  % Total    % Received % Xferd  Average Speed   Time    Time     Time  Current\n                                 Dload  Upload   Total   Spent    Left  Speed\n\n  0     0    0     0    0     0      0      0 --:--:-- --:--:-- --:--:--     0\n  0     0    0     0    0     0      0      0 --:--:-- --:--:-- --:--:--     0\n\n  1 2935k    1 48273    0     0   145k      0  0:00:20 --:--:--  0:00:20  145k\n100 2935k  100 2935k    0     0  6495k      0 --:--:-- --:--:-- --:--:-- 22.2M\ntest/integration/test_go_compilation.sh: line 121: /Users/punk1290/git/protobuf-buck2/test/integration/go_compilation_test/bin/protoc: cannot execute binary file\ntest/integration/test_go_compilation.sh: line 197: /Users/punk1290/git/protobuf-buck2/test/integration/go_compilation_test/bin/protoc: cannot execute binary file\ntest/integration/test_go_compilation.sh: line 285: /Users/punk1290/git/protobuf-buck2/test/integration/go_compilation_test/bin/protoc: cannot execute binary file\ntest/integration/test_go_compilation.sh: line 311: test_module/go.mod: No such file or directory\ntest/integration/test_go_compilation.sh: line 360: /Users/punk1290/git/protobuf-buck2/test/integration/go_compilation_test/bin/protoc: cannot execute binary file\ngrep: explicit/v1/explicit_package.pb.go: No such file or directory\n"
        },
        {
          "name": "Python Integration",
          "success": false,
          "duration_seconds": 0.10980796813964844,
          "stdout": "\ud83d\udc0d Testing Python Protobuf Generation Integration\n================================================\n\ud83d\udcc1 Created test directory: /tmp/python_proto_test_27147\n\ud83e\uddea Test 1: Basic Python message generation\n[2025-06-07T12:13:28.201-04:00] Build ID: 5fca2df9-135f-40c5-b7b6-782daa76ec68\n[2025-06-07T12:13:28.201-04:00] Directory changed: root//test/integration/go_compilation_test\n[2025-06-07T12:13:28.201-04:00] File changed: root//test/integration/go_compilation_test/go.mod\n[2025-06-07T12:13:28.201-04:00] File changed: root//test/integration/go_compilation_test/go.sum\n[2025-06-07T12:13:28.201-04:00] 103 additional file change events\nBUILD FAILED\nFrom load at examples/python/BUCK:4\n\nCaused by:\n    0: Error parsing: `root//rules/python.bzl`\n    1: error: Parse error: unexpected symbol '**' here, expected one of \"(\", \"+\", \"-\", \"...\", \"FLOAT\", \"FSTRING\", \"IDENTIFIER\", \"INTEGER\", \"STRING\", \"[\", \"lambda\", \"not\", \"{\", \"}\" or \"~\"\n          --> rules/python.bzl:495:9\n           |\n       495 |         **TOOL_ATTRS\n           |         ^^\n           |\n       \n\u2705 Python message generation successful\n\ud83e\uddea Test 2: Python gRPC service generation\n[2025-06-07T12:13:28.221-04:00] Build ID: 2c790680-dd68-46c5-9e64-95bfef75d826\nBUILD FAILED\nFrom load at examples/python/BUCK:4\n\nCaused by:\n    0: Error parsing: `root//rules/python.bzl`\n    1: error: Parse error: unexpected symbol '**' here, expected one of \"(\", \"+\", \"-\", \"...\", \"FLOAT\", \"FSTRING\", \"IDENTIFIER\", \"INTEGER\", \"STRING\", \"[\", \"lambda\", \"not\", \"{\", \"}\" or \"~\"\n          --> rules/python.bzl:495:9\n           |\n       495 |         **TOOL_ATTRS\n           |         ^^\n           |\n       \n\u2705 Python gRPC generation successful\n\ud83e\uddea Test 3: Full Python protobuf library\n[2025-06-07T12:13:28.242-04:00] Build ID: a34cdadf-7f38-4ead-9912-3e987158435e\nBUILD FAILED\nFrom load at examples/python/BUCK:4\n\nCaused by:\n    0: Error parsing: `root//rules/python.bzl`\n    1: error: Parse error: unexpected symbol '**' here, expected one of \"(\", \"+\", \"-\", \"...\", \"FLOAT\", \"FSTRING\", \"IDENTIFIER\", \"INTEGER\", \"STRING\", \"[\", \"lambda\", \"not\", \"{\", \"}\" or \"~\"\n          --> rules/python.bzl:495:9\n           |\n       495 |         **TOOL_ATTRS\n           |         ^^\n           |\n       \n\u2705 Full Python protobuf library generation successful\n\ud83e\uddea Test 4: Verify generated file structure\n\u274c Could not find output directory\n",
          "stderr": ""
        },
        {
          "name": "TypeScript Integration",
          "success": false,
          "duration_seconds": 0.017777204513549805,
          "stdout": "\u001b[0;32m[2025-06-07 12:13:28] Starting TypeScript protobuf compilation integration test\u001b[0m\n\u001b[0;32m[2025-06-07 12:13:28] Cleaning up test environment...\u001b[0m\n",
          "stderr": "tee: /Users/punk1290/git/protobuf-buck2/test/integration/typescript_test/test.log: No such file or directory\ntee: /Users/punk1290/git/protobuf-buck2/test/integration/typescript_test/test.log: No such file or directory\n"
        },
        {
          "name": "C++ Integration",
          "success": false,
          "duration_seconds": 0.04504203796386719,
          "stdout": "\u001b[1;33mStarting C++ protobuf integration tests...\u001b[0m\nProject root: /Users/punk1290/git/protobuf-buck2\nBuild directory: /Users/punk1290/git/protobuf-buck2/buck-out/cpp-integration-test\nTemp directory: /var/folders/3s/_jrxnd6s1tl_lhh2mqtxx1xc0000gn/T/tmp.QEI6v1SSjq\n\u001b[1;33mSetting up test environment...\u001b[0m\n\u001b[1;33mRunning test: cpp_basic_message_compilation\u001b[0m\n\u001b[0;31m\u2717 FAIL: cpp_basic_message_compilation\u001b[0m\nError output:\n[2025-06-07T12:13:28.328-04:00] Build ID: b84ebbfa-52d6-4938-a6f4-b6845ae05657\nBUILD FAILED\nFrom load at examples/cpp/BUCK:2\n\nCaused by:\n    0: Error parsing: `root//rules/cpp.bzl`\n    1: error: Parse error: unexpected symbol '**' here, expected one of \"(\", \"+\", \"-\", \"...\", \"FLOAT\", \"FSTRING\", \"IDENTIFIER\", \"INTEGER\", \"STRING\", \"[\", \"lambda\", \"not\", \"{\", \"}\" or \"~\"\n          --> rules/cpp.bzl:499:9\n           |\n       499 |         **TOOL_ATTRS\n           |         ^^\n           |\n       \n\u001b[1;33mCleaning up...\u001b[0m\n",
          "stderr": ""
        },
        {
          "name": "Rust Integration",
          "success": false,
          "duration_seconds": 0.22110629081726074,
          "stdout": "\u001b[0;34m[INFO]\u001b[0m Starting Rust protobuf integration tests...\n\u001b[0;34m[INFO]\u001b[0m Setting up Rust test environment...\n\u001b[0;34m[INFO]\u001b[0m Using Rust: rustc 1.87.0 (17067e9ac 2025-05-09)\n\u001b[0;32m[SUCCESS]\u001b[0m Test environment setup complete\n\u001b[0;34m[INFO]\u001b[0m Running test: Basic Rust Messages\n\u001b[0;31m[ERROR]\u001b[0m \u274c Basic Rust Messages: Buck2 build failed\n[2025-06-07T12:13:28.542-04:00] Build ID: cf1d5870-9a2b-4232-ac68-1f488fdb2aac\nBUILD FAILED\nFrom load at examples/rust/BUCK:1\n\nCaused by:\n    0: From load at rules/proto.bzl:16\n    1: Error parsing: `root//rules/private/cache_keys.bzl`\n    2: error: Parse error: cannot use reserved keyword `try`\n         --> rules/private/cache_keys.bzl:72:5\n          |\n       72 |     try:\n          |     ^^^\n          |\n       \n\u001b[0;34m[INFO]\u001b[0m Cleaning up test artifacts...\n",
          "stderr": ""
        },
        {
          "name": "Multi-Language",
          "success": true,
          "duration_seconds": 0.13292598724365234,
          "stdout": "\ud83d\ude80 Running Multi-Language Bundle Integration Tests\nProject root: /Users/punk1290/git/protobuf-buck2\n\ud83c\udfc1 Starting Multi-Language Bundle Integration Tests\n==================================================\n\ud83d\udcc1 Setting up test workspace\n\ud83e\uddea Test 1: Basic proto_bundle functionality\n\u2705 Basic proto_bundle test setup complete\n\ud83e\uddea Test 2: gRPC service with advanced features\n\u2705 gRPC service test setup complete\n\ud83e\uddea Test 3: Multi-language consistency validation\n\u2705 Consistency validation test setup complete\n\ud83e\uddea Test 4: Performance with multiple languages\n\u2705 Performance test setup complete\n\ud83e\uddea Test 5: Rule loading and parsing\nTesting rule loading...\n\u2705 All required files exist\n\u2705 Basic syntax checks passed\n\ud83c\udf89 All rule loading tests passed\n\u2705 Rule loading test complete\n\ud83d\udd0d Validating Buck2 file syntax\nChecking main BUCK files...\n\u26a0\ufe0f  Buck2 validation skipped (expected - rules not yet integrated)\n\u2705 Buck2 syntax validation complete\n\ud83d\udcca Generating test report\n\ud83d\udcc4 Test report generated: /Users/punk1290/git/protobuf-buck2/test_workspace/test_report.md\n\n\ud83c\udfaf Test Summary:\n  \u2022 All core functionality implemented\n  \u2022 Multi-language support operational\n  \u2022 Advanced plugin system functional\n  \u2022 Consistency validation working\n  \u2022 Performance optimizations active\n  \u2022 Comprehensive test coverage achieved\n\n\ud83c\udf89 Multi-Language Bundle Integration Tests Complete!\n\u2705 All tests passed successfully\n\ud83d\udcca Test report available at: /Users/punk1290/git/protobuf-buck2/test_workspace/test_report.md\n\n\ud83d\ude80 Ready for production use!\n\ud83e\uddf9 Cleaning up test workspace\n",
          "stderr": ""
        },
        {
          "name": "Validation",
          "success": false,
          "duration_seconds": 2.684157133102417,
          "stdout": "\u001b[0;32m[INFO]\u001b[0m Starting protobuf validation integration tests\n\u001b[0;32m[INFO]\u001b[0m Setting up test workspace at /Users/punk1290/git/protobuf-buck2/test-validation-workspace\n\u001b[0;32m[INFO]\u001b[0m Running test: Buf CLI Download\n\u001b[0;32m[INFO]\u001b[0m Testing Buf CLI download functionality\n\u001b[0;31m[ERROR]\u001b[0m \u2717 Test failed: Buf CLI Download\n\n\u001b[0;32m[INFO]\u001b[0m Running test: Basic Validation\n\u001b[0;32m[INFO]\u001b[0m Testing basic protobuf validation with Buck2\n\u001b[0;31m[ERROR]\u001b[0m \u2717 Test failed: Basic Validation\n\n\u001b[0;32m[INFO]\u001b[0m Running test: Buf Lint Functionality\n\u001b[0;32m[INFO]\u001b[0m Testing Buf lint functionality directly\n\u001b[1;33m[WARN]\u001b[0m Buf lint found issues (expected for some tests)\n\u001b[0;32m[INFO]\u001b[0m Lint results: test/integration/test_validation.sh: line 142: /Users/punk1290/git/protobuf-buck2/test-validation-workspace/tools/buf: No such file or directory\n\u001b[0;32m[INFO]\u001b[0m \u2713 Test passed: Buf Lint Functionality\n\n\u001b[0;32m[INFO]\u001b[0m Running test: Custom Validation Rules\n\u001b[0;32m[INFO]\u001b[0m Testing custom validation rules\n\u001b[0;32m[INFO]\u001b[0m Testing package naming validation rule\n\u001b[0;32m[INFO]\u001b[0m Package naming rule passed\n{\n  \"rule_name\": \"Package Naming Convention\",\n  \"files_checked\": [\n    \"/Users/punk1290/git/protobuf-buck2/test-validation-workspace/examples/validation/example.proto\"\n  ],\n  \"total_errors\": 0,\n  \"total_warnings\": 1,\n  \"violations\": [\n    {\n      \"file\": \"/Users/punk1290/git/protobuf-buck2/test-validation-workspace/examples/validation/example.proto\",\n      \"package\": \"com.example.userservice\",\n      \"severity\": \"warning\",\n      \"message\": \"Package part 'example' is a reserved word and should be avoided\"\n    }\n  ]\n}\n\u001b[0;32m[INFO]\u001b[0m Testing service naming validation rule\n\u001b[0;32m[INFO]\u001b[0m Service naming rule passed\n{\n  \"rule_name\": \"Service Naming Convention\",\n  \"files_checked\": [\n    \"/Users/punk1290/git/protobuf-buck2/test-validation-workspace/examples/validation/example.proto\"\n  ],\n  \"total_errors\": 0,\n  \"total_warnings\": 0,\n  \"violations\": []\n}\n\u001b[0;32m[INFO]\u001b[0m \u2713 Test passed: Custom Validation Rules\n\n\u001b[0;32m[INFO]\u001b[0m Running test: Breaking Change Detection\n\u001b[0;32m[INFO]\u001b[0m Testing breaking change detection\n\u001b[1;33m[WARN]\u001b[0m Breaking changes detected\ntest/integration/test_validation.sh: line 215: /Users/punk1290/git/protobuf-buck2/test-validation-workspace/tools/buf: No such file or directory\n\u001b[0;32m[INFO]\u001b[0m \u2713 Test passed: Breaking Change Detection\n\n\u001b[0;32m[INFO]\u001b[0m Running test: Validation Error Handling\n\u001b[0;32m[INFO]\u001b[0m Testing validation error handling\n\u001b[0;32m[INFO]\u001b[0m Testing validation with malformed proto\n\u001b[0;32m[INFO]\u001b[0m Error handling results:\n{\n  \"rule_name\": \"Package Naming Convention\",\n  \"files_checked\": [\n    \"/Users/punk1290/git/protobuf-buck2/test-validation-workspace/test/fixtures/edge_cases/malformed.proto\"\n  ],\n  \"total_errors\": 1,\n  \"total_warnings\": 1,\n  \"violations\": [\n    {\n      \"file\": \"/Users/punk1290/git/protobuf-buck2/test-validation-workspace/test/fixtures/edge_cases/malformed.proto\",\n      \"package\": \"test.edge_cases.malformed\",\n      \"severity\": \"error\",\n      \"message\": \"Package name 'test.edge_cases.malformed' must follow pattern 'org.domain.service' with lowercase letters and dots\"\n    },\n    {\n      \"file\": \"/Users/punk1290/git/protobuf-buck2/test-validation-workspace/test/fixtures/edge_cases/malformed.proto\",\n      \"package\": \"test.edge_cases.malformed\",\n      \"severity\": \"warning\",\n      \"message\": \"Package part 'test' is a reserved word and should be avoided\"\n    }\n  ]\n}\n\u001b[0;32m[INFO]\u001b[0m \u2713 Test passed: Validation Error Handling\n\n\u001b[0;32m[INFO]\u001b[0m Running test: Performance Validation\n\u001b[0;32m[INFO]\u001b[0m Testing validation performance\n\u001b[0;32m[INFO]\u001b[0m Testing validation performance with large proto\n\u001b[0;32m[INFO]\u001b[0m Validation completed in 0 seconds\n\u001b[0;32m[INFO]\u001b[0m \u2713 Test passed: Performance Validation\n\n\u001b[0;32m[INFO]\u001b[0m Running test: CI Integration Format\n\u001b[0;32m[INFO]\u001b[0m Testing CI/CD integration output formats\n\u001b[0;32m[INFO]\u001b[0m CI integration JSON format is valid\n\u001b[0;32m[INFO]\u001b[0m \u2713 Test passed: CI Integration Format\n\n\u001b[0;32m[INFO]\u001b[0m Cleaning up test workspace\n\n\u001b[0;32m[INFO]\u001b[0m === Test Summary ===\n\u001b[0;32m[INFO]\u001b[0m Tests run: 8\n\u001b[0;32m[INFO]\u001b[0m Tests passed: 6\n\u001b[0;32m[INFO]\u001b[0m Tests failed: 2\n\u001b[0;31m[ERROR]\u001b[0m \u274c Some tests failed\n",
          "stderr": "test/integration/test_validation.sh: line 9: Integration test for protobuf validation and linting system.\n\nThis script tests the complete validation workflow including:\n- Buf CLI integration and basic linting\n- Breaking change detection\n- Custom validation rules\n- CI/CD integration scenarios\n: No such file or directory\n[buf-downloader] Downloading buf from: https://github.com/bufbuild/buf/releases/download/v1.28.1/buf-Darwin-arm64.tar.gz\n[buf-downloader] Downloaded /var/folders/3s/_jrxnd6s1tl_lhh2mqtxx1xc0000gn/T/tmpffrepy83/buf-Darwin-arm64.tar.gz\n[buf-downloader] Checksum validation failed for /var/folders/3s/_jrxnd6s1tl_lhh2mqtxx1xc0000gn/T/tmpffrepy83/buf-Darwin-arm64.tar.gz\n[buf-downloader] Expected: 7fe85fff0f7d0f2fff8e4e1ee1f6f510d0e5f1d3567d1f7f6f2f7f0f0e0d3f4f\n[buf-downloader] Actual:   63220b5907d47e01f533d396ab8bac74825af5965bd0e98624e1d8feaf7314fc\nERROR: Failed to download buf: Checksum validation failed\n[buf-downloader] Downloading buf from: https://github.com/bufbuild/buf/releases/download/v1.28.1/buf-Darwin-arm64.tar.gz\n[buf-downloader] Downloaded /var/folders/3s/_jrxnd6s1tl_lhh2mqtxx1xc0000gn/T/tmp205p3rr3/buf-Darwin-arm64.tar.gz\n[buf-downloader] Checksum validation failed for /var/folders/3s/_jrxnd6s1tl_lhh2mqtxx1xc0000gn/T/tmp205p3rr3/buf-Darwin-arm64.tar.gz\n[buf-downloader] Expected: 7fe85fff0f7d0f2fff8e4e1ee1f6f510d0e5f1d3567d1f7f6f2f7f0f0e0d3f4f\n[buf-downloader] Actual:   63220b5907d47e01f533d396ab8bac74825af5965bd0e98624e1d8feaf7314fc\nERROR: Failed to download buf: Checksum validation failed\n[buf-downloader] Downloading buf from: https://github.com/bufbuild/buf/releases/download/v1.28.1/buf-Darwin-arm64.tar.gz\n[buf-downloader] Downloaded /var/folders/3s/_jrxnd6s1tl_lhh2mqtxx1xc0000gn/T/tmp40qnb_3j/buf-Darwin-arm64.tar.gz\n[buf-downloader] Checksum validation failed for /var/folders/3s/_jrxnd6s1tl_lhh2mqtxx1xc0000gn/T/tmp40qnb_3j/buf-Darwin-arm64.tar.gz\n[buf-downloader] Expected: 7fe85fff0f7d0f2fff8e4e1ee1f6f510d0e5f1d3567d1f7f6f2f7f0f0e0d3f4f\n[buf-downloader] Actual:   63220b5907d47e01f533d396ab8bac74825af5965bd0e98624e1d8feaf7314fc\nERROR: Failed to download buf: Checksum validation failed\n"
        },
        {
          "name": "Cache Performance",
          "success": true,
          "duration_seconds": 0.2448718547821045,
          "stdout": "\u001b[0;34m[INFO]\u001b[0m Cache Performance Integration Test\n\u001b[0;34m[INFO]\u001b[0m ==================================\n\u001b[0;34m[INFO]\u001b[0m Setting up cache performance test environment...\n\u001b[0;34m[INFO]\u001b[0m Creating test proto files...\n\u001b[0;34m[INFO]\u001b[0m Creating test BUCK files...\n\u001b[0;32m[SUCCESS]\u001b[0m Test environment setup complete\n\u001b[0;34m[INFO]\u001b[0m Starting cache performance test suite...\n\u001b[0;34m[INFO]\u001b[0m Testing cache key generation performance...\n\u001b[0;32m[SUCCESS]\u001b[0m Cache key generation: 100 keys in 4ms\n\u001b[0;32m[SUCCESS]\u001b[0m \u2713 Cache key generation performance target met\n\u001b[0;34m[INFO]\u001b[0m Testing cache storage performance...\n\u001b[0;32m[SUCCESS]\u001b[0m Cache storage: 3 files in 14ms\n\u001b[0;32m[SUCCESS]\u001b[0m \u2713 Cache storage performance target met\n\u001b[0;34m[INFO]\u001b[0m Testing cache lookup performance...\n\u001b[0;32m[SUCCESS]\u001b[0m Cache lookup: 50 lookups in 3ms\n\u001b[0;32m[SUCCESS]\u001b[0m \u2713 Cache lookup performance target met\n\u001b[0;34m[INFO]\u001b[0m Testing language isolation...\n\u001b[0;32m[SUCCESS]\u001b[0m \u2713 Language isolation working correctly\n\u001b[0;34m[INFO]\u001b[0m Testing cache size management...\n\u001b[0;34m[INFO]\u001b[0m Cache size increased by 80KB\n\u001b[0;32m[SUCCESS]\u001b[0m \u2713 Cache size management test completed\n\u001b[0;34m[INFO]\u001b[0m Testing cache invalidation...\n\u001b[0;34m[INFO]\u001b[0m Cache file created successfully\n\u001b[0;32m[SUCCESS]\u001b[0m \u2713 Cache invalidation working correctly\n\u001b[0;34m[INFO]\u001b[0m Cache Performance Test Results:\n\u001b[0;34m[INFO]\u001b[0m   Passed: 6/6\n\u001b[0;34m[INFO]\u001b[0m   Success Rate: 100%\n\u001b[0;32m[SUCCESS]\u001b[0m \ud83c\udf89 All cache performance tests passed!\n\u001b[0;34m[INFO]\u001b[0m Generating cache performance report...\n\u001b[0;32m[SUCCESS]\u001b[0m Performance report generated: /Users/punk1290/git/protobuf-buck2/test_cache_performance/cache_performance_report.md\n\u001b[0;32m[SUCCESS]\u001b[0m Cache performance testing completed successfully!\n\u001b[0;34m[INFO]\u001b[0m Cleaning up test environment...\n",
          "stderr": ""
        }
      ]
    }
  },
  "overall_summary": {
    "total_tests": 19,
    "tests_passed": 2,
    "tests_failed": 17,
    "success_rate": 0.10526315789473684,
    "duration_seconds": 6.032140016555786,
    "coverage_percentage": 0,
    "coverage_target_met": false,
    "performance_success_rate": 0,
    "max_memory_mb": 0,
    "regressions_detected": 0,
    "quality_gates": {
      "coverage_95_percent": false,
      "performance_targets_met": false,
      "no_regressions": true,
      "test_success_rate_90_percent": false,
      "memory_under_1gb": true
    },
    "quality_gates_passed": 2,
    "quality_gates_total": 5,
    "overall_quality_score": 0.4
  },
  "quality_metrics": {
    "meets_all_targets": false,
    "production_ready": false
  }
}